MODEL DIAGNOSTICS
------------------------------------------------------------
  audio
    threshold : 0.3500
    exp_feats : 249
    steps     : ['scaler', 'pca', 'clf']
    classifier: CalibratedClassifierCV
  text
    threshold : 0.5000
    exp_feats : 59
    steps     : []
    classifier: LogisticRegression
  visual
    threshold : 0.5000
    exp_feats : 20
    steps     : []
    classifier: LogisticRegression

FEATURE FILE DIMENSIONS
------------------------------------------------------------
  audio_features.csv: (219, 249)
  audio_features_enhanced.csv: (219, 1219)
  text_features.csv: (219, 60)
  visual_features.csv: (219, 215)
